"D:/Proiecte Unreal/DrQuiz the gabone cut/DrQuiz/Content/Mape/Mate/Technology-Bold.uasset" 0
"D:/Proiecte Unreal/DrQuiz the gabone cut/DrQuiz/Content/Mape/Mate/Technology-Bold.uexp" 1
"D:/Proiecte Unreal/DrQuiz the gabone cut/DrQuiz/Content/Mape/Mate/Technology-Bold.ufont" 2
"D:/Proiecte Unreal/DrQuiz the gabone cut/DrQuiz/Content/Mape/Mate/Technology-Bold_Font.uasset" 3
"D:/Proiecte Unreal/DrQuiz the gabone cut/DrQuiz/Content/Mape/Mate/Technology-Bold_Font.uexp" 4
"D:/Proiecte Unreal/DrQuiz the gabone cut/DrQuiz/Content/Mape/Mate/widget_tastatura.uasset" 5
"D:/Proiecte Unreal/DrQuiz the gabone cut/DrQuiz/Content/Mape/Mate/widget_tastatura.uexp" 6
"D:/Proiecte Unreal/DrQuiz the gabone cut/DrQuiz/Content/Mape/Mate/Material_002.uasset" 7
"D:/Proiecte Unreal/DrQuiz the gabone cut/DrQuiz/Content/Mape/Mate/Material_002.uexp" 8
"D:/Proiecte Unreal/DrQuiz the gabone cut/DrQuiz/Content/Mape/Mate/Material.uasset" 9
"D:/Proiecte Unreal/DrQuiz the gabone cut/DrQuiz/Content/Mape/Mate/Material.uexp" 10
"D:/Proiecte Unreal/DrQuiz the gabone cut/DrQuiz/Content/Mape/Mate/Material_001.uasset" 11
"D:/Proiecte Unreal/DrQuiz the gabone cut/DrQuiz/Content/Mape/Mate/Material_001.uexp" 12
"D:/Proiecte Unreal/DrQuiz the gabone cut/DrQuiz/Content/Mape/Mate/SM_MERGED_tastatura_Cube_014_5.uasset" 13
"D:/Proiecte Unreal/DrQuiz the gabone cut/DrQuiz/Content/Mape/Mate/SM_MERGED_tastatura_Cube_014_5.uexp" 14
"D:/Proiecte Unreal/DrQuiz the gabone cut/DrQuiz/Content/Mape/Mate/CineCameraActor1_Blueprint.uasset" 15
"D:/Proiecte Unreal/DrQuiz the gabone cut/DrQuiz/Content/Mape/Mate/CineCameraActor1_Blueprint.uexp" 16
"D:/Proiecte Unreal/DrQuiz the gabone cut/DrQuiz/Content/Mape/Mate/SM_MERGED_tastatura_Cube_014_6_Blueprint.uasset" 17
"D:/Proiecte Unreal/DrQuiz the gabone cut/DrQuiz/Content/Mape/Mate/SM_MERGED_tastatura_Cube_014_6_Blueprint.uexp" 18
"D:/Proiecte Unreal/DrQuiz the gabone cut/DrQuiz/Content/ThirdPersonBP/Blueprints/Andrew_V2/Andrew_Skeleton1.uasset" 19
"D:/Proiecte Unreal/DrQuiz the gabone cut/DrQuiz/Content/ThirdPersonBP/Blueprints/Andrew_V2/Andrew_Skeleton1.uexp" 20
"D:/Proiecte Unreal/DrQuiz the gabone cut/DrQuiz/Content/ThirdPersonBP/Blueprints/Andrew_V2/Andrew_PhysicsAsset.uasset" 21
"D:/Proiecte Unreal/DrQuiz the gabone cut/DrQuiz/Content/ThirdPersonBP/Blueprints/Andrew_V2/Andrew_PhysicsAsset.uexp" 22
"D:/Proiecte Unreal/DrQuiz the gabone cut/DrQuiz/Content/ThirdPersonBP/Blueprints/Andrew_V2/Andrew.uasset" 23
"D:/Proiecte Unreal/DrQuiz the gabone cut/DrQuiz/Content/ThirdPersonBP/Blueprints/Andrew_V2/Andrew.uexp" 24
"D:/Proiecte Unreal/DrQuiz the gabone cut/DrQuiz/Content/ThirdPersonBP/Blueprints/Andrew_V2/Ch09_1001_Specular.uasset" 25
"D:/Proiecte Unreal/DrQuiz the gabone cut/DrQuiz/Content/ThirdPersonBP/Blueprints/Andrew_V2/Ch09_1001_Specular.uexp" 26
"D:/Proiecte Unreal/DrQuiz the gabone cut/DrQuiz/Content/ThirdPersonBP/Blueprints/Andrew_V2/Ch09_1001_Specular.ubulk" 27
"D:/Proiecte Unreal/DrQuiz the gabone cut/DrQuiz/Content/ThirdPersonBP/Blueprints/Andrew_V2/Ch09_1001_Normal.uasset" 28
"D:/Proiecte Unreal/DrQuiz the gabone cut/DrQuiz/Content/ThirdPersonBP/Blueprints/Andrew_V2/Ch09_1001_Normal.uexp" 29
"D:/Proiecte Unreal/DrQuiz the gabone cut/DrQuiz/Content/ThirdPersonBP/Blueprints/Andrew_V2/Ch09_1001_Normal.ubulk" 30
"D:/Proiecte Unreal/DrQuiz the gabone cut/DrQuiz/Content/ThirdPersonBP/Blueprints/Andrew_V2/Ch09_1001_Diffuse.uasset" 31
"D:/Proiecte Unreal/DrQuiz the gabone cut/DrQuiz/Content/ThirdPersonBP/Blueprints/Andrew_V2/Ch09_1001_Diffuse.uexp" 32
"D:/Proiecte Unreal/DrQuiz the gabone cut/DrQuiz/Content/ThirdPersonBP/Blueprints/Andrew_V2/Ch09_1001_Diffuse.ubulk" 33
"D:/Proiecte Unreal/DrQuiz the gabone cut/DrQuiz/Content/ThirdPersonBP/Blueprints/Andrew_V2/Ch09_1001_Diffuse_Mat.uasset" 34
"D:/Proiecte Unreal/DrQuiz the gabone cut/DrQuiz/Content/ThirdPersonBP/Blueprints/Andrew_V2/Ch09_1001_Diffuse_Mat.uexp" 35
"../../../Engine/Content/EditorBlueprintResources/StandardMacros.uasset" 36
"../../../Engine/Content/EditorBlueprintResources/StandardMacros.uexp" 37
"../../../Engine/Content/Animation/DefaultAnimCurveCompressionSettings.uasset" 38
"../../../Engine/Content/Animation/DefaultAnimCurveCompressionSettings.uexp" 39
"../../../Engine/Content/Animation/DefaultAnimBoneCompressionSettings.uasset" 40
"../../../Engine/Content/Animation/DefaultAnimBoneCompressionSettings.uexp" 41
"D:/Proiecte Unreal/DrQuiz the gabone cut/DrQuiz/Content/ThirdPersonBP/Blueprints/Andrew_V2/Animatii/Andrew_Running.uasset" 42
"D:/Proiecte Unreal/DrQuiz the gabone cut/DrQuiz/Content/ThirdPersonBP/Blueprints/Andrew_V2/Animatii/Andrew_Running.uexp" 43
"D:/Proiecte Unreal/DrQuiz the gabone cut/DrQuiz/Content/ThirdPersonBP/Blueprints/Andrew_V2/Animatii/Andrew_Jumping_Up.uasset" 44
"D:/Proiecte Unreal/DrQuiz the gabone cut/DrQuiz/Content/ThirdPersonBP/Blueprints/Andrew_V2/Animatii/Andrew_Jumping_Up.uexp" 45
"D:/Proiecte Unreal/DrQuiz the gabone cut/DrQuiz/Content/ThirdPersonBP/Blueprints/Andrew_V2/Animatii/Andrew_Jumping_Down.uasset" 46
"D:/Proiecte Unreal/DrQuiz the gabone cut/DrQuiz/Content/ThirdPersonBP/Blueprints/Andrew_V2/Animatii/Andrew_Jumping_Down.uexp" 47
"D:/Proiecte Unreal/DrQuiz the gabone cut/DrQuiz/Content/ThirdPersonBP/Blueprints/Andrew_V2/Animatii/Andrew_idle.uasset" 48
"D:/Proiecte Unreal/DrQuiz the gabone cut/DrQuiz/Content/ThirdPersonBP/Blueprints/Andrew_V2/Animatii/Andrew_idle.uexp" 49
"D:/Proiecte Unreal/DrQuiz the gabone cut/DrQuiz/Content/ThirdPersonBP/Blueprints/Andrew_V2/Animatii/Andrew_Falling.uasset" 50
"D:/Proiecte Unreal/DrQuiz the gabone cut/DrQuiz/Content/ThirdPersonBP/Blueprints/Andrew_V2/Animatii/Andrew_Falling.uexp" 51
"D:/Proiecte Unreal/DrQuiz the gabone cut/DrQuiz/Content/ThirdPersonBP/Blueprints/Andrew_V2/Animatii/Andrew_Anim.uasset" 52
"D:/Proiecte Unreal/DrQuiz the gabone cut/DrQuiz/Content/ThirdPersonBP/Blueprints/Andrew_V2/Animatii/Andrew_Anim.uexp" 53
"D:/Proiecte Unreal/DrQuiz the gabone cut/DrQuiz/Content/ThirdPersonBP/Blueprints/ThirdPersonCharacter.uasset" 54
"D:/Proiecte Unreal/DrQuiz the gabone cut/DrQuiz/Content/ThirdPersonBP/Blueprints/ThirdPersonCharacter.uexp" 55
"D:/Proiecte Unreal/DrQuiz the gabone cut/DrQuiz/Content/BP_Savegame.uasset" 56
"D:/Proiecte Unreal/DrQuiz the gabone cut/DrQuiz/Content/BP_Savegame.uexp" 57
"D:/Proiecte Unreal/DrQuiz the gabone cut/DrQuiz/Content/ThirdPersonBP/Blueprints/BP_GameMode.uasset" 58
"D:/Proiecte Unreal/DrQuiz the gabone cut/DrQuiz/Content/ThirdPersonBP/Blueprints/BP_GameMode.uexp" 59
"../../../Engine/Content/EngineFonts/Faces/RobotoTiny.uasset" 60
"../../../Engine/Content/EngineFonts/Faces/RobotoTiny.uexp" 61
"../../../Engine/Content/EngineFonts/Faces/RobotoTiny.ufont" 62
"../../../Engine/Content/EngineFonts/Faces/DroidSansFallback.uasset" 63
"../../../Engine/Content/EngineFonts/Faces/DroidSansFallback.uexp" 64
"../../../Engine/Content/EngineFonts/Faces/DroidSansFallback.ufont" 65
"../../../Engine/Content/EngineFonts/RobotoTiny.uasset" 66
"../../../Engine/Content/EngineFonts/RobotoTiny.uexp" 67
"D:/Proiecte Unreal/DrQuiz the gabone cut/DrQuiz/Content/WB_SaveLoadRestartMenu.uasset" 68
"D:/Proiecte Unreal/DrQuiz the gabone cut/DrQuiz/Content/WB_SaveLoadRestartMenu.uexp" 69
"D:/Proiecte Unreal/DrQuiz the gabone cut/DrQuiz/Content/Mape/Mate/semne_Alphabet_037.uasset" 70
"D:/Proiecte Unreal/DrQuiz the gabone cut/DrQuiz/Content/Mape/Mate/semne_Alphabet_037.uexp" 71
"D:/Proiecte Unreal/DrQuiz the gabone cut/DrQuiz/Content/Mape/Mate/tastatura_Cube_001.uasset" 72
"D:/Proiecte Unreal/DrQuiz the gabone cut/DrQuiz/Content/Mape/Mate/tastatura_Cube_001.uexp" 73
"../../../Engine/Content/EngineMaterials/T_Default_Material_Grid_N.uasset" 74
"../../../Engine/Content/EngineMaterials/T_Default_Material_Grid_N.uexp" 75
"../../../Engine/Content/EngineMaterials/T_Default_Material_Grid_N.ubulk" 76
"../../../Engine/Content/EngineMaterials/T_Default_Material_Grid_M.uasset" 77
"../../../Engine/Content/EngineMaterials/T_Default_Material_Grid_M.uexp" 78
"../../../Engine/Content/EngineMaterials/T_Default_Material_Grid_M.ubulk" 79
"../../../Engine/Content/Functions/Engine_MaterialFunctions01/Opacity/CameraDepthFade.uasset" 80
"../../../Engine/Content/Functions/Engine_MaterialFunctions01/Opacity/CameraDepthFade.uexp" 81
"../../../Engine/Content/EngineMaterials/WorldGridMaterial.uasset" 82
"../../../Engine/Content/EngineMaterials/WorldGridMaterial.uexp" 83
"D:/Proiecte Unreal/DrQuiz the gabone cut/DrQuiz/Content/Mape/Mate/tastatura_Cube_010.uasset" 84
"D:/Proiecte Unreal/DrQuiz the gabone cut/DrQuiz/Content/Mape/Mate/tastatura_Cube_010.uexp" 85
"D:/Proiecte Unreal/DrQuiz the gabone cut/DrQuiz/Content/Mape/Mate/tastatura_Cube_014.uasset" 86
"D:/Proiecte Unreal/DrQuiz the gabone cut/DrQuiz/Content/Mape/Mate/tastatura_Cube_014.uexp" 87
"D:/Proiecte Unreal/DrQuiz the gabone cut/DrQuiz/Content/Mape/Mate/Technology.uasset" 88
"D:/Proiecte Unreal/DrQuiz the gabone cut/DrQuiz/Content/Mape/Mate/Technology.uexp" 89
"D:/Proiecte Unreal/DrQuiz the gabone cut/DrQuiz/Content/Mape/Mate/Technology.ufont" 90
"D:/Proiecte Unreal/DrQuiz the gabone cut/DrQuiz/Content/Mape/Mate/Technology_Font.uasset" 91
"D:/Proiecte Unreal/DrQuiz the gabone cut/DrQuiz/Content/Mape/Mate/Technology_Font.uexp" 92
"D:/Proiecte Unreal/DrQuiz the gabone cut/DrQuiz/Content/Mape/Mate/Test.uasset" 93
"D:/Proiecte Unreal/DrQuiz the gabone cut/DrQuiz/Content/Mape/Mate/Test.uexp" 94
"D:/Proiecte Unreal/DrQuiz the gabone cut/DrQuiz/Content/Portal/Screenshot_2022-02-01_220737.uasset" 95
"D:/Proiecte Unreal/DrQuiz the gabone cut/DrQuiz/Content/Portal/Screenshot_2022-02-01_220737.uexp" 96
"D:/Proiecte Unreal/DrQuiz the gabone cut/DrQuiz/Content/ThirdPersonBP/Blueprints/Andrew/Andrew_Skeleton.uasset" 97
"D:/Proiecte Unreal/DrQuiz the gabone cut/DrQuiz/Content/ThirdPersonBP/Blueprints/Andrew/Andrew_Skeleton.uexp" 98
"D:/Proiecte Unreal/DrQuiz the gabone cut/DrQuiz/Content/ThirdPersonBP/Blueprints/Andrew/Andrew_PhysicsAsset.uasset" 99
"D:/Proiecte Unreal/DrQuiz the gabone cut/DrQuiz/Content/ThirdPersonBP/Blueprints/Andrew/Andrew_PhysicsAsset.uexp" 100
"D:/Proiecte Unreal/DrQuiz the gabone cut/DrQuiz/Content/ThirdPersonBP/Blueprints/Andrew/piele.uasset" 101
"D:/Proiecte Unreal/DrQuiz the gabone cut/DrQuiz/Content/ThirdPersonBP/Blueprints/Andrew/piele.uexp" 102
"D:/Proiecte Unreal/DrQuiz the gabone cut/DrQuiz/Content/ThirdPersonBP/Blueprints/Andrew/piele.ubulk" 103
"D:/Proiecte Unreal/DrQuiz the gabone cut/DrQuiz/Content/ThirdPersonBP/Blueprints/Andrew/Material_001.uasset" 104
"D:/Proiecte Unreal/DrQuiz the gabone cut/DrQuiz/Content/ThirdPersonBP/Blueprints/Andrew/Material_001.uexp" 105
"D:/Proiecte Unreal/DrQuiz the gabone cut/DrQuiz/Content/ThirdPersonBP/Blueprints/Andrew/Andrew.uasset" 106
"D:/Proiecte Unreal/DrQuiz the gabone cut/DrQuiz/Content/ThirdPersonBP/Blueprints/Andrew/Andrew.uexp" 107
"D:/Proiecte Unreal/DrQuiz the gabone cut/DrQuiz/Content/ThirdPersonBP/Blueprints/Andrew/Running_PhysicsAsset.uasset" 108
"D:/Proiecte Unreal/DrQuiz the gabone cut/DrQuiz/Content/ThirdPersonBP/Blueprints/Andrew/Running_PhysicsAsset.uexp" 109
"D:/Proiecte Unreal/DrQuiz the gabone cut/DrQuiz/Content/ThirdPersonBP/Blueprints/Andrew/Running.uasset" 110
"D:/Proiecte Unreal/DrQuiz the gabone cut/DrQuiz/Content/ThirdPersonBP/Blueprints/Andrew/Running.uexp" 111
"D:/Proiecte Unreal/DrQuiz the gabone cut/DrQuiz/Content/ThirdPersonBP/Blueprints/Andrew_V2/Ch09_1001_Glossiness.uasset" 112
"D:/Proiecte Unreal/DrQuiz the gabone cut/DrQuiz/Content/ThirdPersonBP/Blueprints/Andrew_V2/Ch09_1001_Glossiness.uexp" 113
"D:/Proiecte Unreal/DrQuiz the gabone cut/DrQuiz/Content/ThirdPersonBP/Blueprints/Andrew_V2/Ch09_1001_Glossiness.ubulk" 114
"../../../Engine/Content/ArtTools/RenderToTexture/Meshes/S_1_Unit_Plane.uasset" 115
"../../../Engine/Content/ArtTools/RenderToTexture/Meshes/S_1_Unit_Plane.uexp" 116
"../../../Engine/Content/EngineMaterials/DefaultMaterial.uasset" 117
"../../../Engine/Content/EngineMaterials/DefaultMaterial.uexp" 118
"../../../Engine/Content/BasicShapes/Cone.uasset" 119
"../../../Engine/Content/BasicShapes/Cone.uexp" 120
"../../../Engine/Content/BasicShapes/Cube.uasset" 121
"../../../Engine/Content/BasicShapes/Cube.uexp" 122
"../../../Engine/Content/BasicShapes/Sphere.uasset" 123
"../../../Engine/Content/BasicShapes/Sphere.uexp" 124
"../../../Engine/Content/EditorLandscapeResources/DataLayer.uasset" 125
"../../../Engine/Content/EditorLandscapeResources/DataLayer.uexp" 126
"../../../Engine/Content/EditorLandscapeResources/DefaultAlphaTexture.uasset" 127
"../../../Engine/Content/EditorLandscapeResources/DefaultAlphaTexture.uexp" 128
"../../../Engine/Content/EditorMaterials/MAT_Groups_Toggle.uasset" 129
"../../../Engine/Content/EditorMaterials/MAT_Groups_Toggle.uexp" 130
"../../../Engine/Content/EditorMaterials/MAT_Groups_Visibility.uasset" 131
"../../../Engine/Content/EditorMaterials/MAT_Groups_Visibility.uexp" 132
"../../../Engine/Content/EditorMaterials/PreviewShadowIndicator.uasset" 133
"../../../Engine/Content/EditorMaterials/PreviewShadowIndicator.uexp" 134
"../../../Engine/Content/EditorMaterials/PreviewShadowIndicator.ubulk" 135
"../../../Engine/Content/EditorMaterials/PreviewShadowIndicatorMaterial.uasset" 136
"../../../Engine/Content/EditorMaterials/PreviewShadowIndicatorMaterial.uexp" 137
"../../../Engine/Content/EditorMaterials/MatineeGroups/MAT_ColorTrack.uasset" 138
"../../../Engine/Content/EditorMaterials/MatineeGroups/MAT_ColorTrack.uexp" 139
"../../../Engine/Content/EditorMaterials/MatineeGroups/MAT_Groups_Anim.uasset" 140
"../../../Engine/Content/EditorMaterials/MatineeGroups/MAT_Groups_Anim.uexp" 141
"../../../Engine/Content/EditorMaterials/MatineeGroups/MAT_Groups_AudioMaster.uasset" 142
"../../../Engine/Content/EditorMaterials/MatineeGroups/MAT_Groups_AudioMaster.uexp" 143
"../../../Engine/Content/EditorMaterials/MatineeGroups/MAT_Groups_Director.uasset" 144
"../../../Engine/Content/EditorMaterials/MatineeGroups/MAT_Groups_Director.uexp" 145
"../../../Engine/Content/EditorMaterials/MatineeGroups/MAT_Groups_Event.uasset" 146
"../../../Engine/Content/EditorMaterials/MatineeGroups/MAT_Groups_Event.uexp" 147
"../../../Engine/Content/EditorMaterials/MatineeGroups/MAT_Groups_Fade.uasset" 148
"../../../Engine/Content/EditorMaterials/MatineeGroups/MAT_Groups_Fade.uexp" 149
"../../../Engine/Content/EditorMaterials/MatineeGroups/MAT_Groups_Float.uasset" 150
"../../../Engine/Content/EditorMaterials/MatineeGroups/MAT_Groups_Float.uexp" 151
"../../../Engine/Content/EditorMaterials/MatineeGroups/MAT_Groups_Move.uasset" 152
"../../../Engine/Content/EditorMaterials/MatineeGroups/MAT_Groups_Move.uexp" 153
"../../../Engine/Content/EditorMaterials/MatineeGroups/MAT_Groups_Slomo.uasset" 154
"../../../Engine/Content/EditorMaterials/MatineeGroups/MAT_Groups_Slomo.uexp" 155
"../../../Engine/Content/EditorMaterials/MatineeGroups/MAT_Groups_Sound.uasset" 156
"../../../Engine/Content/EditorMaterials/MatineeGroups/MAT_Groups_Sound.uexp" 157
"../../../Engine/Content/EditorMaterials/MatineeGroups/MAT_Groups_Vector.uasset" 158
"../../../Engine/Content/EditorMaterials/MatineeGroups/MAT_Groups_Vector.uexp" 159
"../../../Engine/Content/EditorMaterials/ParticleSystems/PSysThumbnail_NoImage.uasset" 160
"../../../Engine/Content/EditorMaterials/ParticleSystems/PSysThumbnail_NoImage.uexp" 161
"../../../Engine/Content/EditorMaterials/ParticleSystems/PSysThumbnail_NoImage.ubulk" 162
"../../../Engine/Content/EditorMaterials/ParticleSystems/PSysThumbnail_OOD.uasset" 163
"../../../Engine/Content/EditorMaterials/ParticleSystems/PSysThumbnail_OOD.uexp" 164
"../../../Engine/Content/EditorMaterials/ParticleSystems/PSysThumbnail_OOD.ubulk" 165
"../../../Engine/Content/EditorMaterials/Camera/CineMat.uasset" 166
"../../../Engine/Content/EditorMaterials/Camera/CineMat.uexp" 167
"../../../Engine/Content/EditorMaterials/Camera/MI_CineMat_Rig.uasset" 168
"../../../Engine/Content/EditorMaterials/Camera/MI_CineMat_Rig.uexp" 169
"../../../Engine/Content/EditorMeshes/Camera/SM_CraneRig_Arm.uasset" 170
"../../../Engine/Content/EditorMeshes/Camera/SM_CraneRig_Arm.uexp" 171
"../../../Engine/Content/EditorMeshes/Camera/SM_CraneRig_Base.uasset" 172
"../../../Engine/Content/EditorMeshes/Camera/SM_CraneRig_Base.uexp" 173
"../../../Engine/Content/EditorMeshes/Camera/SM_CraneRig_Body.uasset" 174
"../../../Engine/Content/EditorMeshes/Camera/SM_CraneRig_Body.uexp" 175
"../../../Engine/Content/EditorMeshes/Camera/SM_CraneRig_Mount.uasset" 176
"../../../Engine/Content/EditorMeshes/Camera/SM_CraneRig_Mount.uexp" 177
"../../../Engine/Content/EditorMeshes/Camera/SM_RailRig_Mount.uasset" 178
"../../../Engine/Content/EditorMeshes/Camera/SM_RailRig_Mount.uexp" 179
"../../../Engine/Content/EditorMeshes/Camera/SM_RailRig_Track.uasset" 180
"../../../Engine/Content/EditorMeshes/Camera/SM_RailRig_Track.uexp" 181
"../../../Engine/Content/EditorResources/BSPVertex.uasset" 182
"../../../Engine/Content/EditorResources/BSPVertex.uexp" 183
"../../../Engine/Content/EditorResources/EmptyActor.uasset" 184
"../../../Engine/Content/EditorResources/EmptyActor.uexp" 185
"../../../Engine/Content/EditorResources/S_Actor.uasset" 186
"../../../Engine/Content/EditorResources/S_Actor.uexp" 187
"../../../Engine/Content/EditorResources/S_Actor.ubulk" 188
"../../../Engine/Content/EditorResources/S_Note.uasset" 189
"../../../Engine/Content/EditorResources/S_Note.uexp" 190
"../../../Engine/Content/EditorResources/S_Note.ubulk" 191
"../../../Engine/Content/EditorResources/S_Solver.uasset" 192
"../../../Engine/Content/EditorResources/S_Solver.uexp" 193
"../../../Engine/Content/EditorResources/S_Solver.ubulk" 194
"../../../Engine/Content/EditorResources/S_Terrain.uasset" 195
"../../../Engine/Content/EditorResources/S_Terrain.uexp" 196
"../../../Engine/Content/EditorResources/S_Terrain.ubulk" 197
"../../../Engine/Content/EditorResources/S_Trigger.uasset" 198
"../../../Engine/Content/EditorResources/S_Trigger.uexp" 199
"../../../Engine/Content/EditorResources/S_Trigger.ubulk" 200
"../../../Engine/Content/EditorResources/LightIcons/S_LightError.uasset" 201
"../../../Engine/Content/EditorResources/LightIcons/S_LightError.uexp" 202
"../../../Engine/Content/EditorResources/SequenceRecorder/Countdown.uasset" 203
"../../../Engine/Content/EditorResources/SequenceRecorder/Countdown.uexp" 204
"../../../Engine/Content/EditorResources/SequenceRecorder/RecordingIndicator.uasset" 205
"../../../Engine/Content/EditorResources/SequenceRecorder/RecordingIndicator.uexp" 206
"../../../Engine/Content/EngineDamageTypes/DmgTypeBP_Environmental.uasset" 207
"../../../Engine/Content/EngineDamageTypes/DmgTypeBP_Environmental.uexp" 208
"../../../Engine/Content/EngineDebugMaterials/DebugEditorMaterial.uasset" 209
"../../../Engine/Content/EngineDebugMaterials/DebugEditorMaterial.uexp" 210
"../../../Engine/Content/EngineDebugMaterials/DebugMeshMaterial.uasset" 211
"../../../Engine/Content/EngineDebugMaterials/DebugMeshMaterial.uexp" 212
"../../../Engine/Content/EngineDebugMaterials/M_SimpleUnlitTranslucent.uasset" 213
"../../../Engine/Content/EngineDebugMaterials/M_SimpleUnlitTranslucent.uexp" 214
"../../../Engine/Content/Functions/Engine_MaterialFunctions02/Utility/CameraDirectionVector.uasset" 215
"../../../Engine/Content/Functions/Engine_MaterialFunctions02/Utility/CameraDirectionVector.uexp" 216
"../../../Engine/Content/EngineDebugMaterials/VolumeToRender.uasset" 217
"../../../Engine/Content/EngineDebugMaterials/VolumeToRender.uexp" 218
"../../../Engine/Content/EngineDebugMaterials/M_VolumeRenderSphereTracePP.uasset" 219
"../../../Engine/Content/EngineDebugMaterials/M_VolumeRenderSphereTracePP.uexp" 220
"../../../Engine/Content/Functions/Engine_MaterialFunctions01/Shading/ConvertFromDiffSpec.uasset" 221
"../../../Engine/Content/Functions/Engine_MaterialFunctions01/Shading/ConvertFromDiffSpec.uexp" 222
"../../../Engine/Content/EngineDebugMaterials/VertexColorMaterial.uasset" 223
"../../../Engine/Content/EngineDebugMaterials/VertexColorMaterial.uexp" 224
"../../../Engine/Content/EngineDebugMaterials/WireframeMaterial.uasset" 225
"../../../Engine/Content/EngineDebugMaterials/WireframeMaterial.uexp" 226
"../../../Engine/Content/EngineFonts/Faces/RobotoRegular.uasset" 227
"../../../Engine/Content/EngineFonts/Faces/RobotoRegular.uexp" 228
"../../../Engine/Content/EngineFonts/Faces/RobotoRegular.ufont" 229
"../../../Engine/Content/EngineFonts/Faces/RobotoLight.uasset" 230
"../../../Engine/Content/EngineFonts/Faces/RobotoLight.uexp" 231
"../../../Engine/Content/EngineFonts/Faces/RobotoLight.ufont" 232
"../../../Engine/Content/EngineFonts/Faces/RobotoItalic.uasset" 233
"../../../Engine/Content/EngineFonts/Faces/RobotoItalic.uexp" 234
"../../../Engine/Content/EngineFonts/Faces/RobotoItalic.ufont" 235
"../../../Engine/Content/EngineFonts/Faces/RobotoBoldItalic.uasset" 236
"../../../Engine/Content/EngineFonts/Faces/RobotoBoldItalic.uexp" 237
"../../../Engine/Content/EngineFonts/Faces/RobotoBoldItalic.ufont" 238
"../../../Engine/Content/EngineFonts/Faces/RobotoBold.uasset" 239
"../../../Engine/Content/EngineFonts/Faces/RobotoBold.uexp" 240
"../../../Engine/Content/EngineFonts/Faces/RobotoBold.ufont" 241
"../../../Engine/Content/EngineFonts/Roboto.uasset" 242
"../../../Engine/Content/EngineFonts/Roboto.uexp" 243
"../../../Engine/Content/EngineMaterials/BaseFlattenNormalMap.uasset" 244
"../../../Engine/Content/EngineMaterials/BaseFlattenNormalMap.uexp" 245
"../../../Engine/Content/EngineMaterials/BaseFlattenGrayscaleMap.uasset" 246
"../../../Engine/Content/EngineMaterials/BaseFlattenGrayscaleMap.uexp" 247
"../../../Engine/Content/EngineMaterials/BaseFlattenEmissiveMap.uasset" 248
"../../../Engine/Content/EngineMaterials/BaseFlattenEmissiveMap.uexp" 249
"../../../Engine/Content/EngineMaterials/BaseFlattenDiffuseMap.uasset" 250
"../../../Engine/Content/EngineMaterials/BaseFlattenDiffuseMap.uexp" 251
"../../../Engine/Content/EngineMaterials/BaseFlattenMaterial.uasset" 252
"../../../Engine/Content/EngineMaterials/BaseFlattenMaterial.uexp" 253
"../../../Engine/Content/EngineMaterials/BlueNoise.uasset" 254
"../../../Engine/Content/EngineMaterials/BlueNoise.uexp" 255
"../../../Engine/Content/EngineMaterials/DefaultBloomKernel.uasset" 256
"../../../Engine/Content/EngineMaterials/DefaultBloomKernel.uexp" 257
"../../../Engine/Content/EngineMaterials/DefaultBokeh.uasset" 258
"../../../Engine/Content/EngineMaterials/DefaultBokeh.uexp" 259
"../../../Engine/Content/EngineMaterials/DefaultDiffuse.uasset" 260
"../../../Engine/Content/EngineMaterials/DefaultDiffuse.uexp" 261
"../../../Engine/Content/EngineMaterials/DefaultDiffuse.ubulk" 262
"../../../Engine/Content/EngineMaterials/DefaultDeferredDecalMaterial.uasset" 263
"../../../Engine/Content/EngineMaterials/DefaultDeferredDecalMaterial.uexp" 264
"../../../Engine/Content/EngineMaterials/DefaultLightFunctionMaterial.uasset" 265
"../../../Engine/Content/EngineMaterials/DefaultLightFunctionMaterial.uexp" 266
"../../../Engine/Content/EngineMaterials/DefaultPhysicalMaterial.uasset" 267
"../../../Engine/Content/EngineMaterials/DefaultPhysicalMaterial.uexp" 268
"../../../Engine/Content/Functions/Engine_MaterialFunctions02/Utility/BreakOutFloat2Components.uasset" 269
"../../../Engine/Content/Functions/Engine_MaterialFunctions02/Utility/BreakOutFloat2Components.uexp" 270
"../../../Engine/Content/EngineMaterials/DefaultPostProcessMaterial.uasset" 271
"../../../Engine/Content/EngineMaterials/DefaultPostProcessMaterial.uexp" 272
"../../../Engine/Content/EngineFonts/RobotoDistanceField.uasset" 273
"../../../Engine/Content/EngineFonts/RobotoDistanceField.uexp" 274
"../../../Engine/Content/EngineMaterials/DefaultTextMaterialOpaque.uasset" 275
"../../../Engine/Content/EngineMaterials/DefaultTextMaterialOpaque.uexp" 276
"../../../Engine/Content/EngineMaterials/DefaultWhiteGrid.uasset" 277
"../../../Engine/Content/EngineMaterials/DefaultWhiteGrid.uexp" 278
"../../../Engine/Content/EngineMaterials/DefaultWhiteGrid.ubulk" 279
"../../../Engine/Content/EngineMaterials/DefaultWhiteGrid_Low.uasset" 280
"../../../Engine/Content/EngineMaterials/DefaultWhiteGrid_Low.uexp" 281
"../../../Engine/Content/EngineMaterials/EmissiveMeshMaterial.uasset" 282
"../../../Engine/Content/EngineMaterials/EmissiveMeshMaterial.uexp" 283
"../../../Engine/Content/EngineMaterials/GizmoMaterial.uasset" 284
"../../../Engine/Content/EngineMaterials/GizmoMaterial.uexp" 285
"../../../Engine/Content/EngineMaterials/Good64x64TilingNoiseHighFreq.uasset" 286
"../../../Engine/Content/EngineMaterials/Good64x64TilingNoiseHighFreq.uexp" 287
"../../../Engine/Content/EngineMaterials/MiniFont.uasset" 288
"../../../Engine/Content/EngineMaterials/MiniFont.uexp" 289
"../../../Engine/Content/EngineMaterials/InvalidLightmapSettings.uasset" 290
"../../../Engine/Content/EngineMaterials/InvalidLightmapSettings.uexp" 291
"../../../Engine/Content/EngineMaterials/InvalidLightmapSettings.ubulk" 292
"../../../Engine/Content/EngineMaterials/M_InvalidLightmapSettings.uasset" 293
"../../../Engine/Content/EngineMaterials/M_InvalidLightmapSettings.uexp" 294
"../../../Engine/Content/Functions/Engine_MaterialFunctions02/WorldPositionOffset/CameraOffset.uasset" 295
"../../../Engine/Content/Functions/Engine_MaterialFunctions02/WorldPositionOffset/CameraOffset.uexp" 296
"../../../Engine/Content/EngineMaterials/PhAT_JointLimitMaterial.uasset" 297
"../../../Engine/Content/EngineMaterials/PhAT_JointLimitMaterial.uexp" 298
"../../../Engine/Content/EngineMaterials/DefaultCalibrationColor.uasset" 299
"../../../Engine/Content/EngineMaterials/DefaultCalibrationColor.uexp" 300
"../../../Engine/Content/EngineMaterials/PPM_DefaultCalibrationColor.uasset" 301
"../../../Engine/Content/EngineMaterials/PPM_DefaultCalibrationColor.uexp" 302
"../../../Engine/Content/EngineMaterials/DefaultCalibrationGrayscale.uasset" 303
"../../../Engine/Content/EngineMaterials/DefaultCalibrationGrayscale.uexp" 304
"../../../Engine/Content/EngineMaterials/PPM_DefaultCalibrationGrayscale.uasset" 305
"../../../Engine/Content/EngineMaterials/PPM_DefaultCalibrationGrayscale.uexp" 306
"../../../Engine/Content/EngineMaterials/PreintegratedSkinBRDF.uasset" 307
"../../../Engine/Content/EngineMaterials/PreintegratedSkinBRDF.uexp" 308
"../../../Engine/Content/EngineMaterials/RemoveSurfaceMaterial.uasset" 309
"../../../Engine/Content/EngineMaterials/RemoveSurfaceMaterial.uexp" 310
"../../../Engine/Content/EngineMaterials/WeightMapPlaceholderTexture.uasset" 311
"../../../Engine/Content/EngineMaterials/WeightMapPlaceholderTexture.uexp" 312
"../../../Engine/Content/EngineResources/WhiteSquareTexture.uasset" 313
"../../../Engine/Content/EngineResources/WhiteSquareTexture.uexp" 314
"../../../Engine/Content/EngineMaterials/Widget3DPassThrough.uasset" 315
"../../../Engine/Content/EngineMaterials/Widget3DPassThrough.uexp" 316
"../../../Engine/Content/EngineMaterials/Widget3DPassThrough_Masked.uasset" 317
"../../../Engine/Content/EngineMaterials/Widget3DPassThrough_Masked.uexp" 318
"../../../Engine/Content/EngineMaterials/Widget3DPassThrough_Opaque.uasset" 319
"../../../Engine/Content/EngineMaterials/Widget3DPassThrough_Opaque.uexp" 320
"../../../Engine/Content/EngineMaterials/Widget3DPassThrough_Masked_OneSided.uasset" 321
"../../../Engine/Content/EngineMaterials/Widget3DPassThrough_Masked_OneSided.uexp" 322
"../../../Engine/Content/EngineMaterials/Widget3DPassThrough_Opaque_OneSided.uasset" 323
"../../../Engine/Content/EngineMaterials/Widget3DPassThrough_Opaque_OneSided.uexp" 324
"../../../Engine/Content/EngineMaterials/Widget3DPassThrough_Translucent.uasset" 325
"../../../Engine/Content/EngineMaterials/Widget3DPassThrough_Translucent.uexp" 326
"../../../Engine/Content/EngineMaterials/Widget3DPassThrough_Translucent_OneSided.uasset" 327
"../../../Engine/Content/EngineMaterials/Widget3DPassThrough_Translucent_OneSided.uexp" 328
"../../../Engine/Content/EngineMeshes/Cylinder.uasset" 329
"../../../Engine/Content/EngineMeshes/Cylinder.uexp" 330
"../../../Engine/Content/EngineMeshes/Sphere.uasset" 331
"../../../Engine/Content/EngineMeshes/Sphere.uexp" 332
"../../../Engine/Content/EngineResources/DefaultTexture.uasset" 333
"../../../Engine/Content/EngineResources/DefaultTexture.uexp" 334
"../../../Engine/Content/EngineResources/DefaultTexture.ubulk" 335
"../../../Engine/Content/EngineResources/DefaultTextureCube.uasset" 336
"../../../Engine/Content/EngineResources/DefaultTextureCube.uexp" 337
"../../../Engine/Content/EngineResources/DefaultVolumeTexture2D.uasset" 338
"../../../Engine/Content/EngineResources/DefaultVolumeTexture2D.uexp" 339
"../../../Engine/Content/EngineResources/DefaultVolumeTexture.uasset" 340
"../../../Engine/Content/EngineResources/DefaultVolumeTexture.uexp" 341
"../../../Engine/Content/EngineResources/GradientTexture0.uasset" 342
"../../../Engine/Content/EngineResources/GradientTexture0.uexp" 343
"../../../Engine/Content/EngineSky/VolumetricClouds/T_NoiseErosion.uasset" 344
"../../../Engine/Content/EngineSky/VolumetricClouds/T_NoiseErosion.uexp" 345
"../../../Engine/Content/EngineSky/VolumetricClouds/T_NoiseErosion.ubulk" 346
"../../../Engine/Content/EngineSky/VolumetricClouds/T_VolumeNoiseErosion32.uasset" 347
"../../../Engine/Content/EngineSky/VolumetricClouds/T_VolumeNoiseErosion32.uexp" 348
"../../../Engine/Content/Functions/Engine_MaterialFunctions02/Utility/MakeFloat2.uasset" 349
"../../../Engine/Content/Functions/Engine_MaterialFunctions02/Utility/MakeFloat2.uexp" 350
"../../../Engine/Content/EngineSky/VolumetricClouds/CloudWeatherTexture.uasset" 351
"../../../Engine/Content/EngineSky/VolumetricClouds/CloudWeatherTexture.uexp" 352
"../../../Engine/Content/EngineSky/VolumetricClouds/CloudGradientTexture.uasset" 353
"../../../Engine/Content/EngineSky/VolumetricClouds/CloudGradientTexture.uexp" 354
"../../../Engine/Content/EngineSky/VolumetricClouds/T_NoiseShape64.uasset" 355
"../../../Engine/Content/EngineSky/VolumetricClouds/T_NoiseShape64.uexp" 356
"../../../Engine/Content/EngineSky/VolumetricClouds/T_NoiseShape64.ubulk" 357
"../../../Engine/Content/EngineSky/VolumetricClouds/T_VolumeNoiseShape64.uasset" 358
"../../../Engine/Content/EngineSky/VolumetricClouds/T_VolumeNoiseShape64.uexp" 359
"../../../Engine/Content/EngineSky/VolumetricClouds/m_SimpleVolumetricCloud.uasset" 360
"../../../Engine/Content/EngineSky/VolumetricClouds/m_SimpleVolumetricCloud.uexp" 361
"../../../Engine/Content/EngineSky/VolumetricClouds/m_SimpleVolumetricCloud_Inst.uasset" 362
"../../../Engine/Content/EngineSky/VolumetricClouds/m_SimpleVolumetricCloud_Inst.uexp" 363
"../../../Engine/Content/EngineSounds/Master.uasset" 364
"../../../Engine/Content/EngineSounds/Master.uexp" 365
"../../../Engine/Content/Functions/Engine_MaterialFunctions01/Shading/PowerToRoughness.uasset" 366
"../../../Engine/Content/Functions/Engine_MaterialFunctions01/Shading/PowerToRoughness.uexp" 367
"../../../Engine/Content/Maps/Templates/Thumbnails/Default.uasset" 368
"../../../Engine/Content/Maps/Templates/Thumbnails/Default.uexp" 369
"../../../Engine/Content/Maps/Templates/Thumbnails/TimeOfDay.uasset" 370
"../../../Engine/Content/Maps/Templates/Thumbnails/TimeOfDay.uexp" 371
"../../../Engine/Content/Maps/Templates/Thumbnails/VR-Basic.uasset" 372
"../../../Engine/Content/Maps/Templates/Thumbnails/VR-Basic.uexp" 373
"../../../Engine/Content/MobileResources/T_MobileControls_texture.uasset" 374
"../../../Engine/Content/MobileResources/T_MobileControls_texture.uexp" 375
"../../../Engine/Content/MobileResources/T_MobileMenu2.uasset" 376
"../../../Engine/Content/MobileResources/T_MobileMenu2.uexp" 377
"../../../Engine/Content/MobileResources/HUD/AnalogHat.uasset" 378
"../../../Engine/Content/MobileResources/HUD/AnalogHat.uexp" 379
"../../../Engine/Content/MobileResources/HUD/VirtualJoystick_Thumb.uasset" 380
"../../../Engine/Content/MobileResources/HUD/VirtualJoystick_Thumb.uexp" 381
"../../../Engine/Content/MobileResources/HUD/VirtualJoystick_Background.uasset" 382
"../../../Engine/Content/MobileResources/HUD/VirtualJoystick_Background.uexp" 383
"../../../Engine/Content/MobileResources/HUD/DefaultVirtualJoysticks.uasset" 384
"../../../Engine/Content/MobileResources/HUD/DefaultVirtualJoysticks.uexp" 385
"../../../Engine/Content/MobileResources/HUD/LeftVirtualJoystickOnly.uasset" 386
"../../../Engine/Content/MobileResources/HUD/LeftVirtualJoystickOnly.uexp" 387
"../../../Engine/Content/MobileResources/HUD/MobileHUDButton1_off.uasset" 388
"../../../Engine/Content/MobileResources/HUD/MobileHUDButton1_off.uexp" 389
"../../../Engine/Content/MobileResources/HUD/MobileHUDButton1_on.uasset" 390
"../../../Engine/Content/MobileResources/HUD/MobileHUDButton1_on.uexp" 391
"../../../Engine/Content/MobileResources/HUD/MobileHUDButton2_off.uasset" 392
"../../../Engine/Content/MobileResources/HUD/MobileHUDButton2_off.uexp" 393
"../../../Engine/Content/MobileResources/HUD/MobileHUDButton2_on.uasset" 394
"../../../Engine/Content/MobileResources/HUD/MobileHUDButton2_on.uexp" 395
"../../../Engine/Content/MobileResources/HUD/MobileHUDButton3.uasset" 396
"../../../Engine/Content/MobileResources/HUD/MobileHUDButton3.uexp" 397
"../../../Engine/Content/MobileResources/HUD/MobileHUDButtonFire.uasset" 398
"../../../Engine/Content/MobileResources/HUD/MobileHUDButtonFire.uexp" 399
"../../../Engine/Content/MobileResources/HUD/MobileHUDDirectionPad.uasset" 400
"../../../Engine/Content/MobileResources/HUD/MobileHUDDirectionPad.uexp" 401
"../../../Engine/Content/MobileResources/HUD/MobileHUDDirectionPad2.uasset" 402
"../../../Engine/Content/MobileResources/HUD/MobileHUDDirectionPad2.uexp" 403
"../../../Engine/Content/MobileResources/HUD/MobileHUDDirectionPad3.uasset" 404
"../../../Engine/Content/MobileResources/HUD/MobileHUDDirectionPad3.uexp" 405
"../../../Engine/Content/MobileResources/HUD/MobileHUDDirectionStick.uasset" 406
"../../../Engine/Content/MobileResources/HUD/MobileHUDDirectionStick.uexp" 407
"../../../Engine/Content/MobileResources/HUD/T_Castle_ThumbstickInner.uasset" 408
"../../../Engine/Content/MobileResources/HUD/T_Castle_ThumbstickInner.uexp" 409
"../../../Engine/Content/MobileResources/HUD/T_Castle_ThumbstickOutter.uasset" 410
"../../../Engine/Content/MobileResources/HUD/T_Castle_ThumbstickOutter.uexp" 411
"../../../Engine/Content/Tutorial/ContentIntroCurve.uasset" 412
"../../../Engine/Content/Tutorial/ContentIntroCurve.uexp" 413
"../../../Engine/Content/Tutorial/Basics/TutorialAssets/icon_tab_Levels_40x.uasset" 414
"../../../Engine/Content/Tutorial/Basics/TutorialAssets/icon_tab_Levels_40x.uexp" 415
"../../../Engine/Content/VREditor/TransformGizmo/TranslucentTransformGizmoMaterial.uasset" 416
"../../../Engine/Content/VREditor/TransformGizmo/TranslucentTransformGizmoMaterial.uexp" 417
"../../../Engine/Content/VREditor/LaserPointer/VR_LaserPower_01.uasset" 418
"../../../Engine/Content/VREditor/LaserPointer/VR_LaserPower_01.uexp" 419
"../../../Engine/Content/VREditor/LaserPointer/VR_LaserPower_01.ubulk" 420
"../../../Engine/Content/VREditor/TransformGizmo/TransformGizmoMaterial.uasset" 421
"../../../Engine/Content/VREditor/TransformGizmo/TransformGizmoMaterial.uexp" 422
"../../../Engine/Content/VREditor/TransformGizmo/BoundingBoxCorner.uasset" 423
"../../../Engine/Content/VREditor/TransformGizmo/BoundingBoxCorner.uexp" 424
"../../../Engine/Content/VREditor/TransformGizmo/BoundingBoxEdge.uasset" 425
"../../../Engine/Content/VREditor/TransformGizmo/BoundingBoxEdge.uexp" 426
"../../../Engine/Content/VREditor/TransformGizmo/PlaneTranslationHandle.uasset" 427
"../../../Engine/Content/VREditor/TransformGizmo/PlaneTranslationHandle.uexp" 428
"../../../Engine/Content/VREditor/TransformGizmo/Xray.uasset" 429
"../../../Engine/Content/VREditor/TransformGizmo/Xray.uexp" 430
"../../../Engine/Content/VREditor/TransformGizmo/Main.uasset" 431
"../../../Engine/Content/VREditor/TransformGizmo/Main.uexp" 432
"../../../Engine/Content/VREditor/TransformGizmo/SM_Sequencer_Key.uasset" 433
"../../../Engine/Content/VREditor/TransformGizmo/SM_Sequencer_Key.uexp" 434
"../../../Engine/Content/VREditor/TransformGizmo/SM_Sequencer_Node.uasset" 435
"../../../Engine/Content/VREditor/TransformGizmo/SM_Sequencer_Node.uexp" 436
"../../../Engine/Plugins/2D/Paper2D/Content/PlaceholderTextures/DummySpriteTexture.uasset" 437
"../../../Engine/Plugins/2D/Paper2D/Content/PlaceholderTextures/DummySpriteTexture.uexp" 438
"../../../Engine/Plugins/2D/Paper2D/Content/PlaceholderTextures/DummySpriteTexture.ubulk" 439
"../../../Engine/Plugins/2D/Paper2D/Content/DummySprite.uasset" 440
"../../../Engine/Plugins/2D/Paper2D/Content/DummySprite.uexp" 441
"../../../Engine/Plugins/2D/Paper2D/Content/DefaultPaperTerrainMaterial.uasset" 442
"../../../Engine/Plugins/2D/Paper2D/Content/DefaultPaperTerrainMaterial.uexp" 443
"../../../Engine/Plugins/2D/Paper2D/Content/DefaultSpriteMaterial.uasset" 444
"../../../Engine/Plugins/2D/Paper2D/Content/DefaultSpriteMaterial.uexp" 445
"../../../Engine/Plugins/2D/Paper2D/Content/MaskedUnlitSpriteMaterial.uasset" 446
"../../../Engine/Plugins/2D/Paper2D/Content/MaskedUnlitSpriteMaterial.uexp" 447
"../../../Engine/Plugins/2D/Paper2D/Content/OpaqueUnlitSpriteMaterial.uasset" 448
"../../../Engine/Plugins/2D/Paper2D/Content/OpaqueUnlitSpriteMaterial.uexp" 449
"../../../Engine/Content/Functions/Engine_MaterialFunctions02/Utility/BreakOutFloat3Components.uasset" 450
"../../../Engine/Content/Functions/Engine_MaterialFunctions02/Utility/BreakOutFloat3Components.uexp" 451
"../../../Engine/Content/Functions/Engine_MaterialFunctions02/Utility/VectorLength.uasset" 452
"../../../Engine/Content/Functions/Engine_MaterialFunctions02/Utility/VectorLength.uexp" 453
"../../../Engine/Content/Functions/Engine_MaterialFunctions02/WorldPositionOffset/ObjectScale.uasset" 454
"../../../Engine/Content/Functions/Engine_MaterialFunctions02/WorldPositionOffset/ObjectScale.uexp" 455
"../../../Engine/Content/Functions/Engine_MaterialFunctions02/ObjectLocalBounds.uasset" 456
"../../../Engine/Content/Functions/Engine_MaterialFunctions02/ObjectLocalBounds.uexp" 457
"../../../Engine/Plugins/Editor/SpeedTreeImporter/Content/SpeedTree9/UnpackInteger3.uasset" 458
"../../../Engine/Plugins/Editor/SpeedTreeImporter/Content/SpeedTree9/UnpackInteger3.uexp" 459
"../../../Engine/Plugins/Editor/SpeedTreeImporter/Content/SpeedTree9/UnpackDirection.uasset" 460
"../../../Engine/Plugins/Editor/SpeedTreeImporter/Content/SpeedTree9/UnpackDirection.uexp" 461
"../../../Engine/Plugins/Editor/SpeedTreeImporter/Content/SpeedTree9/game_wind_noise.uasset" 462
"../../../Engine/Plugins/Editor/SpeedTreeImporter/Content/SpeedTree9/game_wind_noise.uexp" 463
"../../../Engine/Plugins/Editor/SpeedTreeImporter/Content/SpeedTree9/game_wind_noise.ubulk" 464
"../../../Engine/Content/Functions/Engine_MaterialFunctions02/SafeNormalize.uasset" 465
"../../../Engine/Content/Functions/Engine_MaterialFunctions02/SafeNormalize.uexp" 466
"../../../Engine/Plugins/Editor/SpeedTreeImporter/Content/SpeedTree9/SpeedTreeWindMotion.uasset" 467
"../../../Engine/Plugins/Editor/SpeedTreeImporter/Content/SpeedTree9/SpeedTreeWindMotion.uexp" 468
"../../../Engine/Plugins/Editor/SpeedTreeImporter/Content/SpeedTree9/SpeedTreeBranchMotion.uasset" 469
"../../../Engine/Plugins/Editor/SpeedTreeImporter/Content/SpeedTree9/SpeedTreeBranchMotion.uexp" 470
"../../../Engine/Content/Functions/Engine_MaterialFunctions02/UVs/BoundingBoxBased_0-1_UVW.uasset" 471
"../../../Engine/Content/Functions/Engine_MaterialFunctions02/UVs/BoundingBoxBased_0-1_UVW.uexp" 472
"../../../Engine/Plugins/Editor/SpeedTreeImporter/Content/SpeedTree9/SpeedTreeWind.uasset" 473
"../../../Engine/Plugins/Editor/SpeedTreeImporter/Content/SpeedTree9/SpeedTreeWind.uexp" 474
"../../../Engine/Plugins/Editor/SpeedTreeImporter/Content/SpeedTree9/SpeedTreeBillboard.uasset" 475
"../../../Engine/Plugins/Editor/SpeedTreeImporter/Content/SpeedTree9/SpeedTreeBillboard.uexp" 476
"../../../Engine/Plugins/Editor/SpeedTreeImporter/Content/SpeedTree9/EmptyNormal.uasset" 477
"../../../Engine/Plugins/Editor/SpeedTreeImporter/Content/SpeedTree9/EmptyNormal.uexp" 478
"../../../Engine/Plugins/Editor/SpeedTreeImporter/Content/SpeedTree9/Empty.uasset" 479
"../../../Engine/Plugins/Editor/SpeedTreeImporter/Content/SpeedTree9/Empty.uexp" 480
"../../../Engine/Plugins/Editor/SpeedTreeImporter/Content/SpeedTree9/SpeedTreeBillboardMaster.uasset" 481
"../../../Engine/Plugins/Editor/SpeedTreeImporter/Content/SpeedTree9/SpeedTreeBillboardMaster.uexp" 482
"../../../Engine/Plugins/Editor/SpeedTreeImporter/Content/SpeedTree9/SpeedTreeCameraFacing.uasset" 483
"../../../Engine/Plugins/Editor/SpeedTreeImporter/Content/SpeedTree9/SpeedTreeCameraFacing.uexp" 484
"../../../Engine/Plugins/Editor/SpeedTreeImporter/Content/SpeedTree9/SpeedTreeMaster.uasset" 485
"../../../Engine/Plugins/Editor/SpeedTreeImporter/Content/SpeedTree9/SpeedTreeMaster.uexp" 486
"../../../Engine/Content/ArtTools/RenderToTexture/Materials/Debug/M_Emissive_Color.uasset" 487
"../../../Engine/Content/ArtTools/RenderToTexture/Materials/Debug/M_Emissive_Color.uexp" 488
"../../../Engine/Content/BasicShapes/Cylinder.uasset" 489
"../../../Engine/Content/BasicShapes/Cylinder.uexp" 490
"../../../Engine/Plugins/Lumin/MagicLeapPassableWorld/Content/MagicLeapARPinInfoActor.uasset" 491
"../../../Engine/Plugins/Lumin/MagicLeapPassableWorld/Content/MagicLeapARPinInfoActor.uexp" 492
"../../../Engine/Plugins/Runtime/OpenXR/Content/Devices/GoogleDaydream/MRTexture.uasset" 493
"../../../Engine/Plugins/Runtime/OpenXR/Content/Devices/GoogleDaydream/MRTexture.uexp" 494
"../../../Engine/Plugins/Runtime/OpenXR/Content/Devices/GoogleDaydream/MRTexture.ubulk" 495
"../../../Engine/Plugins/Runtime/OpenXR/Content/Devices/GoogleDaydream/BaseTexture.uasset" 496
"../../../Engine/Plugins/Runtime/OpenXR/Content/Devices/GoogleDaydream/BaseTexture.uexp" 497
"../../../Engine/Plugins/Runtime/OpenXR/Content/Devices/GoogleDaydream/BaseTexture.ubulk" 498
"../../../Engine/Content/EngineResources/Black.uasset" 499
"../../../Engine/Content/EngineResources/Black.uexp" 500
"../../../Engine/Plugins/Runtime/OpenXR/Content/Devices/M_XRController.uasset" 501
"../../../Engine/Plugins/Runtime/OpenXR/Content/Devices/M_XRController.uexp" 502
"../../../Engine/Plugins/Runtime/OpenXR/Content/Devices/GoogleDaydream/MI_GoogleDaydream.uasset" 503
"../../../Engine/Plugins/Runtime/OpenXR/Content/Devices/GoogleDaydream/MI_GoogleDaydream.uexp" 504
"../../../Engine/Plugins/Runtime/OpenXR/Content/Devices/GoogleDaydream/GoogleDaydreamController.uasset" 505
"../../../Engine/Plugins/Runtime/OpenXR/Content/Devices/GoogleDaydream/GoogleDaydreamController.uexp" 506
"../../../Engine/Plugins/Runtime/OpenXR/Content/Devices/HTCVive/BaseTexture.uasset" 507
"../../../Engine/Plugins/Runtime/OpenXR/Content/Devices/HTCVive/BaseTexture.uexp" 508
"../../../Engine/Plugins/Runtime/OpenXR/Content/Devices/HTCVive/BaseTexture.ubulk" 509
"../../../Engine/Plugins/Runtime/OpenXR/Content/Devices/HTCVive/MI_HTCVive.uasset" 510
"../../../Engine/Plugins/Runtime/OpenXR/Content/Devices/HTCVive/MI_HTCVive.uexp" 511
"../../../Engine/Plugins/Runtime/OpenXR/Content/Devices/HTCVive/HTCViveController.uasset" 512
"../../../Engine/Plugins/Runtime/OpenXR/Content/Devices/HTCVive/HTCViveController.uexp" 513
"../../../Engine/Plugins/Runtime/OpenXR/Content/Devices/MicrosoftMixedReality/NormalTexture.uasset" 514
"../../../Engine/Plugins/Runtime/OpenXR/Content/Devices/MicrosoftMixedReality/NormalTexture.uexp" 515
"../../../Engine/Plugins/Runtime/OpenXR/Content/Devices/MicrosoftMixedReality/NormalTexture.ubulk" 516
"../../../Engine/Plugins/Runtime/OpenXR/Content/Devices/MicrosoftMixedReality/MRTexture.uasset" 517
"../../../Engine/Plugins/Runtime/OpenXR/Content/Devices/MicrosoftMixedReality/MRTexture.uexp" 518
"../../../Engine/Plugins/Runtime/OpenXR/Content/Devices/MicrosoftMixedReality/MRTexture.ubulk" 519
"../../../Engine/Plugins/Runtime/OpenXR/Content/Devices/MicrosoftMixedReality/EmissiveTexture.uasset" 520
"../../../Engine/Plugins/Runtime/OpenXR/Content/Devices/MicrosoftMixedReality/EmissiveTexture.uexp" 521
"../../../Engine/Plugins/Runtime/OpenXR/Content/Devices/MicrosoftMixedReality/EmissiveTexture.ubulk" 522
"../../../Engine/Plugins/Runtime/OpenXR/Content/Devices/MicrosoftMixedReality/BaseTexture.uasset" 523
"../../../Engine/Plugins/Runtime/OpenXR/Content/Devices/MicrosoftMixedReality/BaseTexture.uexp" 524
"../../../Engine/Plugins/Runtime/OpenXR/Content/Devices/MicrosoftMixedReality/BaseTexture.ubulk" 525
"../../../Engine/Plugins/Runtime/OpenXR/Content/Devices/MicrosoftMixedReality/MI_MicrosoftMixedReality.uasset" 526
"../../../Engine/Plugins/Runtime/OpenXR/Content/Devices/MicrosoftMixedReality/MI_MicrosoftMixedReality.uexp" 527
"../../../Engine/Plugins/Runtime/OpenXR/Content/Devices/MicrosoftMixedReality/Left/left_MicrosoftMixedRealityController.uasset" 528
"../../../Engine/Plugins/Runtime/OpenXR/Content/Devices/MicrosoftMixedReality/Left/left_MicrosoftMixedRealityController.uexp" 529
"../../../Engine/Plugins/Runtime/OpenXR/Content/Devices/MicrosoftMixedReality/Right/right_MicrosoftMixedRealityController.uasset" 530
"../../../Engine/Plugins/Runtime/OpenXR/Content/Devices/MicrosoftMixedReality/Right/right_MicrosoftMixedRealityController.uexp" 531
"../../../Engine/Plugins/Runtime/OpenXR/Content/Devices/OculusGo/BaseTexture.uasset" 532
"../../../Engine/Plugins/Runtime/OpenXR/Content/Devices/OculusGo/BaseTexture.uexp" 533
"../../../Engine/Plugins/Runtime/OpenXR/Content/Devices/OculusGo/BaseTexture.ubulk" 534
"../../../Engine/Plugins/Runtime/OpenXR/Content/Devices/OculusGo/MI_OculusGo.uasset" 535
"../../../Engine/Plugins/Runtime/OpenXR/Content/Devices/OculusGo/MI_OculusGo.uexp" 536
"../../../Engine/Plugins/Runtime/OpenXR/Content/Devices/OculusGo/OculusGoController.uasset" 537
"../../../Engine/Plugins/Runtime/OpenXR/Content/Devices/OculusGo/OculusGoController.uexp" 538
"../../../Engine/Plugins/Runtime/OpenXR/Content/Devices/OculusTouch/MRTexture.uasset" 539
"../../../Engine/Plugins/Runtime/OpenXR/Content/Devices/OculusTouch/MRTexture.uexp" 540
"../../../Engine/Plugins/Runtime/OpenXR/Content/Devices/OculusTouch/MRTexture.ubulk" 541
"../../../Engine/Plugins/Runtime/OpenXR/Content/Devices/OculusTouch/BaseTexture.uasset" 542
"../../../Engine/Plugins/Runtime/OpenXR/Content/Devices/OculusTouch/BaseTexture.uexp" 543
"../../../Engine/Plugins/Runtime/OpenXR/Content/Devices/OculusTouch/BaseTexture.ubulk" 544
"../../../Engine/Plugins/Runtime/OpenXR/Content/Devices/OculusTouch/MI_OculusTouch.uasset" 545
"../../../Engine/Plugins/Runtime/OpenXR/Content/Devices/OculusTouch/MI_OculusTouch.uexp" 546
"../../../Engine/Plugins/Runtime/OpenXR/Content/Devices/OculusTouch/Left/left_OculusTouchController.uasset" 547
"../../../Engine/Plugins/Runtime/OpenXR/Content/Devices/OculusTouch/Left/left_OculusTouchController.uexp" 548
"../../../Engine/Plugins/Runtime/OpenXR/Content/Devices/OculusTouch/Right/right_OculusTouchController.uasset" 549
"../../../Engine/Plugins/Runtime/OpenXR/Content/Devices/OculusTouch/Right/right_OculusTouchController.uexp" 550
"../../../Engine/Plugins/Runtime/OpenXR/Content/Devices/OculusTouch_v2/MRTexture.uasset" 551
"../../../Engine/Plugins/Runtime/OpenXR/Content/Devices/OculusTouch_v2/MRTexture.uexp" 552
"../../../Engine/Plugins/Runtime/OpenXR/Content/Devices/OculusTouch_v2/MRTexture.ubulk" 553
"../../../Engine/Plugins/Runtime/OpenXR/Content/Devices/OculusTouch_v2/BaseTexture.uasset" 554
"../../../Engine/Plugins/Runtime/OpenXR/Content/Devices/OculusTouch_v2/BaseTexture.uexp" 555
"../../../Engine/Plugins/Runtime/OpenXR/Content/Devices/OculusTouch_v2/BaseTexture.ubulk" 556
"../../../Engine/Plugins/Runtime/OpenXR/Content/Devices/OculusTouch_v2/MI_OculusTouch_v2.uasset" 557
"../../../Engine/Plugins/Runtime/OpenXR/Content/Devices/OculusTouch_v2/MI_OculusTouch_v2.uexp" 558
"../../../Engine/Plugins/Runtime/OpenXR/Content/Devices/OculusTouch_v2/Left/left_OculusTouch_v2Controller.uasset" 559
"../../../Engine/Plugins/Runtime/OpenXR/Content/Devices/OculusTouch_v2/Left/left_OculusTouch_v2Controller.uexp" 560
"../../../Engine/Plugins/Runtime/OpenXR/Content/Devices/OculusTouch_v2/Right/right_OculusTouch_v2Controller.uasset" 561
"../../../Engine/Plugins/Runtime/OpenXR/Content/Devices/OculusTouch_v2/Right/right_OculusTouch_v2Controller.uexp" 562
"../../../Engine/Plugins/Runtime/OpenXR/Content/Devices/OculusTouch_v3/MRTexture.uasset" 563
"../../../Engine/Plugins/Runtime/OpenXR/Content/Devices/OculusTouch_v3/MRTexture.uexp" 564
"../../../Engine/Plugins/Runtime/OpenXR/Content/Devices/OculusTouch_v3/MRTexture.ubulk" 565
"../../../Engine/Plugins/Runtime/OpenXR/Content/Devices/OculusTouch_v3/BaseTexture.uasset" 566
"../../../Engine/Plugins/Runtime/OpenXR/Content/Devices/OculusTouch_v3/BaseTexture.uexp" 567
"../../../Engine/Plugins/Runtime/OpenXR/Content/Devices/OculusTouch_v3/BaseTexture.ubulk" 568
"../../../Engine/Plugins/Runtime/OpenXR/Content/Devices/OculusTouch_v3/MI_OculusTouch_v3.uasset" 569
"../../../Engine/Plugins/Runtime/OpenXR/Content/Devices/OculusTouch_v3/MI_OculusTouch_v3.uexp" 570
"../../../Engine/Plugins/Runtime/OpenXR/Content/Devices/OculusTouch_v3/Left/left_OculusTouch_v3Controller.uasset" 571
"../../../Engine/Plugins/Runtime/OpenXR/Content/Devices/OculusTouch_v3/Left/left_OculusTouch_v3Controller.uexp" 572
"../../../Engine/Plugins/Runtime/OpenXR/Content/Devices/OculusTouch_v3/Right/right_OculusTouch_v3Controller.uasset" 573
"../../../Engine/Plugins/Runtime/OpenXR/Content/Devices/OculusTouch_v3/Right/right_OculusTouch_v3Controller.uexp" 574
"../../../Engine/Plugins/Runtime/OpenXR/Content/Devices/ValveIndex/MRTexture.uasset" 575
"../../../Engine/Plugins/Runtime/OpenXR/Content/Devices/ValveIndex/MRTexture.uexp" 576
"../../../Engine/Plugins/Runtime/OpenXR/Content/Devices/ValveIndex/MRTexture.ubulk" 577
"../../../Engine/Plugins/Runtime/OpenXR/Content/Devices/ValveIndex/BaseTexture.uasset" 578
"../../../Engine/Plugins/Runtime/OpenXR/Content/Devices/ValveIndex/BaseTexture.uexp" 579
"../../../Engine/Plugins/Runtime/OpenXR/Content/Devices/ValveIndex/BaseTexture.ubulk" 580
"../../../Engine/Plugins/Runtime/OpenXR/Content/Devices/ValveIndex/Left/MI_left_ValveIndex.uasset" 581
"../../../Engine/Plugins/Runtime/OpenXR/Content/Devices/ValveIndex/Left/MI_left_ValveIndex.uexp" 582
"../../../Engine/Plugins/Runtime/OpenXR/Content/Devices/ValveIndex/Left/left_ValveIndexController.uasset" 583
"../../../Engine/Plugins/Runtime/OpenXR/Content/Devices/ValveIndex/Left/left_ValveIndexController.uexp" 584
"../../../Engine/Plugins/Runtime/OpenXR/Content/Devices/ValveIndex/Right/MI_right_ValveIndex.uasset" 585
"../../../Engine/Plugins/Runtime/OpenXR/Content/Devices/ValveIndex/Right/MI_right_ValveIndex.uexp" 586
"../../../Engine/Plugins/Runtime/OpenXR/Content/Devices/ValveIndex/Right/right_ValveIndexController.uasset" 587
"../../../Engine/Plugins/Runtime/OpenXR/Content/Devices/ValveIndex/Right/right_ValveIndexController.uexp" 588
"../../../Engine/Content/Functions/Engine_MaterialFunctions02/Utility/MakeFloat3.uasset" 589
"../../../Engine/Content/Functions/Engine_MaterialFunctions02/Utility/MakeFloat3.uexp" 590
"../../../Engine/Content/Functions/Engine_MaterialFunctions02/Utility/BreakOutFloat4Components.uasset" 591
"../../../Engine/Content/Functions/Engine_MaterialFunctions02/Utility/BreakOutFloat4Components.uexp" 592
"../../../Engine/Plugins/Runtime/Oculus/OculusVR/Content/Materials/OculusMR_ChromaKey.uasset" 593
"../../../Engine/Plugins/Runtime/Oculus/OculusVR/Content/Materials/OculusMR_ChromaKey.uexp" 594
"../../../Engine/Plugins/Runtime/Oculus/OculusVR/Content/Materials/OculusMR_OpaqueColoredMaterial.uasset" 595
"../../../Engine/Plugins/Runtime/Oculus/OculusVR/Content/Materials/OculusMR_OpaqueColoredMaterial.uexp" 596
"../../../Engine/Plugins/Runtime/Oculus/OculusVR/Content/Materials/PokeAHoleMaterial.uasset" 597
"../../../Engine/Plugins/Runtime/Oculus/OculusVR/Content/Materials/PokeAHoleMaterial.uexp" 598
"../../../Engine/Plugins/Runtime/Oculus/OculusVR/Content/Textures/touchController_controlmap.uasset" 599
"../../../Engine/Plugins/Runtime/Oculus/OculusVR/Content/Textures/touchController_controlmap.uexp" 600
"../../../Engine/Plugins/Runtime/Oculus/OculusVR/Content/Textures/touchController_controlmap.ubulk" 601
"../../../Engine/Plugins/Runtime/Oculus/OculusVR/Content/Textures/touchController_albedo.uasset" 602
"../../../Engine/Plugins/Runtime/Oculus/OculusVR/Content/Textures/touchController_albedo.uexp" 603
"../../../Engine/Plugins/Runtime/Oculus/OculusVR/Content/Textures/touchController_albedo.ubulk" 604
"../../../Engine/Plugins/Runtime/Oculus/OculusVR/Content/Materials/touchController_mat.uasset" 605
"../../../Engine/Plugins/Runtime/Oculus/OculusVR/Content/Materials/touchController_mat.uexp" 606
"../../../Engine/Plugins/Runtime/Oculus/OculusVR/Content/Meshes/LeftTouchController.uasset" 607
"../../../Engine/Plugins/Runtime/Oculus/OculusVR/Content/Meshes/LeftTouchController.uexp" 608
"../../../Engine/Plugins/Runtime/Oculus/OculusVR/Content/Textures/TouchForQuestRiftSController_albedo.uasset" 609
"../../../Engine/Plugins/Runtime/Oculus/OculusVR/Content/Textures/TouchForQuestRiftSController_albedo.uexp" 610
"../../../Engine/Plugins/Runtime/Oculus/OculusVR/Content/Textures/TouchForQuestRiftSController_albedo.ubulk" 611
"../../../Engine/Plugins/Runtime/Oculus/OculusVR/Content/Materials/TouchForQuestRiftSControllerMaterial.uasset" 612
"../../../Engine/Plugins/Runtime/Oculus/OculusVR/Content/Materials/TouchForQuestRiftSControllerMaterial.uexp" 613
"../../../Engine/Plugins/Runtime/Oculus/OculusVR/Content/Meshes/LeftTouchForQuestRiftSController.uasset" 614
"../../../Engine/Plugins/Runtime/Oculus/OculusVR/Content/Meshes/LeftTouchForQuestRiftSController.uexp" 615
"../../../Engine/Plugins/Runtime/Oculus/OculusVR/Content/Meshes/RiftHMD.uasset" 616
"../../../Engine/Plugins/Runtime/Oculus/OculusVR/Content/Meshes/RiftHMD.uexp" 617
"../../../Engine/Plugins/Runtime/Oculus/OculusVR/Content/Meshes/RightTouchController.uasset" 618
"../../../Engine/Plugins/Runtime/Oculus/OculusVR/Content/Meshes/RightTouchController.uexp" 619
"../../../Engine/Plugins/Runtime/Oculus/OculusVR/Content/Meshes/RightTouchForQuestRiftSController.uasset" 620
"../../../Engine/Plugins/Runtime/Oculus/OculusVR/Content/Meshes/RightTouchForQuestRiftSController.uexp" 621
"D:/Proiecte Unreal/DrQuiz the gabone cut/DrQuiz/Content/Portal/Portal_mic_Torus.uasset" 622
"D:/Proiecte Unreal/DrQuiz the gabone cut/DrQuiz/Content/Portal/Portal_mic_Torus.uexp" 623
"../../../Engine/Content/EngineSky/T_Sky_Stars.uasset" 624
"../../../Engine/Content/EngineSky/T_Sky_Stars.uexp" 625
"../../../Engine/Content/EngineSky/T_Sky_Stars.ubulk" 626
"../../../Engine/Content/EngineSky/T_Sky_Clouds_M.uasset" 627
"../../../Engine/Content/EngineSky/T_Sky_Clouds_M.uexp" 628
"../../../Engine/Content/EngineSky/T_Sky_Clouds_M.ubulk" 629
"../../../Engine/Content/EngineSky/T_Sky_Blue.uasset" 630
"../../../Engine/Content/EngineSky/T_Sky_Blue.uexp" 631
"../../../Engine/Content/EngineSky/T_Sky_Blue.ubulk" 632
"../../../Engine/Content/BasicShapes/Plane.uasset" 633
"../../../Engine/Content/BasicShapes/Plane.uexp" 634
"D:/Proiecte Unreal/DrQuiz the gabone cut/DrQuiz/Content/Portal/portal_fizica.uasset" 635
"D:/Proiecte Unreal/DrQuiz the gabone cut/DrQuiz/Content/Portal/portal_fizica.uexp" 636
"D:/Proiecte Unreal/DrQuiz the gabone cut/DrQuiz/Content/Portal/portal_fizica_material.uasset" 637
"D:/Proiecte Unreal/DrQuiz the gabone cut/DrQuiz/Content/Portal/portal_fizica_material.uexp" 638
"D:/Proiecte Unreal/DrQuiz the gabone cut/DrQuiz/Content/Portal/Material_3.uasset" 639
"D:/Proiecte Unreal/DrQuiz the gabone cut/DrQuiz/Content/Portal/Material_3.uexp" 640
"D:/Proiecte Unreal/DrQuiz the gabone cut/DrQuiz/Content/Portal/Material_2.uasset" 641
"D:/Proiecte Unreal/DrQuiz the gabone cut/DrQuiz/Content/Portal/Material_2.uexp" 642
"../../../Engine/Content/EngineSky/M_Sky_Panning_Clouds2.uasset" 643
"../../../Engine/Content/EngineSky/M_Sky_Panning_Clouds2.uexp" 644
"../../../Engine/Content/EngineSky/SM_SkySphere.uasset" 645
"../../../Engine/Content/EngineSky/SM_SkySphere.uexp" 646
"../../../Engine/Content/EngineSky/C_Sky_Zenith_Color.uasset" 647
"../../../Engine/Content/EngineSky/C_Sky_Zenith_Color.uexp" 648
"../../../Engine/Content/EngineSky/C_Sky_Horizon_Color.uasset" 649
"../../../Engine/Content/EngineSky/C_Sky_Horizon_Color.uexp" 650
"../../../Engine/Content/EngineSky/C_Sky_Cloud_Color.uasset" 651
"../../../Engine/Content/EngineSky/C_Sky_Cloud_Color.uexp" 652
"../../../Engine/Content/EngineSky/BP_Sky_Sphere.uasset" 653
"../../../Engine/Content/EngineSky/BP_Sky_Sphere.uexp" 654
"D:/Proiecte Unreal/DrQuiz the gabone cut/DrQuiz/Content/Mape/Fizica.uexp" 655
"D:/Proiecte Unreal/DrQuiz the gabone cut/DrQuiz/Content/Mape/Fizica.umap" 656
"../../../Engine/Content/EngineDebugMaterials/HeatmapGradient.uasset" 657
"../../../Engine/Content/EngineDebugMaterials/HeatmapGradient.uexp" 658
"../../../Engine/Content/EngineDebugMaterials/HeatmapGradient.ubulk" 659
"../../../Engine/Content/Functions/Engine_MaterialFunctions01/ImageAdjustment/CheapContrast_RGB.uasset" 660
"../../../Engine/Content/Functions/Engine_MaterialFunctions01/ImageAdjustment/CheapContrast_RGB.uexp" 661
"D:/Proiecte Unreal/DrQuiz the gabone cut/DrQuiz/Content/Portal/portal_geogra.uasset" 662
"D:/Proiecte Unreal/DrQuiz the gabone cut/DrQuiz/Content/Portal/portal_geogra.uexp" 663
"D:/Proiecte Unreal/DrQuiz the gabone cut/DrQuiz/Content/Portal/portal_geogra_material.uasset" 664
"D:/Proiecte Unreal/DrQuiz the gabone cut/DrQuiz/Content/Portal/portal_geogra_material.uexp" 665
"D:/Proiecte Unreal/DrQuiz the gabone cut/DrQuiz/Content/Portal/Material_001.uasset" 666
"D:/Proiecte Unreal/DrQuiz the gabone cut/DrQuiz/Content/Portal/Material_001.uexp" 667
"D:/Proiecte Unreal/DrQuiz the gabone cut/DrQuiz/Content/Mape/Geogra.uexp" 668
"D:/Proiecte Unreal/DrQuiz the gabone cut/DrQuiz/Content/Mape/Geogra.umap" 669
"D:/Proiecte Unreal/DrQuiz the gabone cut/DrQuiz/Content/Portal/portal_istorie.uasset" 670
"D:/Proiecte Unreal/DrQuiz the gabone cut/DrQuiz/Content/Portal/portal_istorie.uexp" 671
"D:/Proiecte Unreal/DrQuiz the gabone cut/DrQuiz/Content/Portal/portal_istorie_Mat.uasset" 672
"D:/Proiecte Unreal/DrQuiz the gabone cut/DrQuiz/Content/Portal/portal_istorie_Mat.uexp" 673
"D:/Proiecte Unreal/DrQuiz the gabone cut/DrQuiz/Content/Portal/Material_4.uasset" 674
"D:/Proiecte Unreal/DrQuiz the gabone cut/DrQuiz/Content/Portal/Material_4.uexp" 675
"D:/Proiecte Unreal/DrQuiz the gabone cut/DrQuiz/Content/Mape/Istorie.uexp" 676
"D:/Proiecte Unreal/DrQuiz the gabone cut/DrQuiz/Content/Mape/Istorie.umap" 677
"D:/Proiecte Unreal/DrQuiz the gabone cut/DrQuiz/Content/Portal/Royalty.uasset" 678
"D:/Proiecte Unreal/DrQuiz the gabone cut/DrQuiz/Content/Portal/Royalty.uexp" 679
"D:/Proiecte Unreal/DrQuiz the gabone cut/DrQuiz/Content/Portal/portal_mate.uasset" 680
"D:/Proiecte Unreal/DrQuiz the gabone cut/DrQuiz/Content/Portal/portal_mate.uexp" 681
"D:/Proiecte Unreal/DrQuiz the gabone cut/DrQuiz/Content/Portal/portal_mate_material.uasset" 682
"D:/Proiecte Unreal/DrQuiz the gabone cut/DrQuiz/Content/Portal/portal_mate_material.uexp" 683
"D:/Proiecte Unreal/DrQuiz the gabone cut/DrQuiz/Content/Portal/portal_final.uasset" 684
"D:/Proiecte Unreal/DrQuiz the gabone cut/DrQuiz/Content/Portal/portal_final.uexp" 685
"D:/Proiecte Unreal/DrQuiz the gabone cut/DrQuiz/Content/Portal/portal_final_Mat.uasset" 686
"D:/Proiecte Unreal/DrQuiz the gabone cut/DrQuiz/Content/Portal/portal_final_Mat.uexp" 687
"D:/Proiecte Unreal/DrQuiz the gabone cut/DrQuiz/Content/Portal/Material_6.uasset" 688
"D:/Proiecte Unreal/DrQuiz the gabone cut/DrQuiz/Content/Portal/Material_6.uexp" 689
"D:/Proiecte Unreal/DrQuiz the gabone cut/DrQuiz/Content/Portal/Material_5.uasset" 690
"D:/Proiecte Unreal/DrQuiz the gabone cut/DrQuiz/Content/Portal/Material_5.uexp" 691
"../../../Engine/Content/BasicShapes/BasicShapeMaterial.uasset" 692
"../../../Engine/Content/BasicShapes/BasicShapeMaterial.uexp" 693
"D:/Proiecte Unreal/DrQuiz the gabone cut/DrQuiz/Content/Mape/Lobby_BuiltData.uasset" 694
"D:/Proiecte Unreal/DrQuiz the gabone cut/DrQuiz/Content/Mape/Lobby_BuiltData.uexp" 695
"D:/Proiecte Unreal/DrQuiz the gabone cut/DrQuiz/Content/Mape/Lobby_BuiltData.ubulk" 696
"D:/Proiecte Unreal/DrQuiz the gabone cut/DrQuiz/Content/Portal/88rh9cfl.uasset" 697
"D:/Proiecte Unreal/DrQuiz the gabone cut/DrQuiz/Content/Portal/88rh9cfl.uexp" 698
"D:/Proiecte Unreal/DrQuiz the gabone cut/DrQuiz/Content/Portal/obsidian.uasset" 699
"D:/Proiecte Unreal/DrQuiz the gabone cut/DrQuiz/Content/Portal/obsidian.uexp" 700
"D:/Proiecte Unreal/DrQuiz the gabone cut/DrQuiz/Content/Portal/portal.uasset" 701
"D:/Proiecte Unreal/DrQuiz the gabone cut/DrQuiz/Content/Portal/portal.uexp" 702
"D:/Proiecte Unreal/DrQuiz the gabone cut/DrQuiz/Content/ThirdPersonBP/Blueprints/ThirdPersonGameMode.uasset" 703
"D:/Proiecte Unreal/DrQuiz the gabone cut/DrQuiz/Content/ThirdPersonBP/Blueprints/ThirdPersonGameMode.uexp" 704
"D:/Proiecte Unreal/DrQuiz the gabone cut/DrQuiz/Content/ThirdPersonBP/Blueprints/Respawn_bp.uasset" 705
"D:/Proiecte Unreal/DrQuiz the gabone cut/DrQuiz/Content/ThirdPersonBP/Blueprints/Respawn_bp.uexp" 706
"D:/Proiecte Unreal/DrQuiz the gabone cut/DrQuiz/Content/Portal/7g3g8ezg.uasset" 707
"D:/Proiecte Unreal/DrQuiz the gabone cut/DrQuiz/Content/Portal/7g3g8ezg.uexp" 708
"D:/Proiecte Unreal/DrQuiz the gabone cut/DrQuiz/Content/Portal/portalimg.uasset" 709
"D:/Proiecte Unreal/DrQuiz the gabone cut/DrQuiz/Content/Portal/portalimg.uexp" 710
"D:/Proiecte Unreal/DrQuiz the gabone cut/DrQuiz/Content/Portal/portal_Blueprint.uasset" 711
"D:/Proiecte Unreal/DrQuiz the gabone cut/DrQuiz/Content/Portal/portal_Blueprint.uexp" 712
"D:/Proiecte Unreal/DrQuiz the gabone cut/DrQuiz/Content/Mape/Lobby.uexp" 713
"D:/Proiecte Unreal/DrQuiz the gabone cut/DrQuiz/Content/Mape/Lobby.umap" 714
"D:/Proiecte Unreal/DrQuiz the gabone cut/DrQuiz/Content/Mape/Mate_BuiltData.uasset" 715
"D:/Proiecte Unreal/DrQuiz the gabone cut/DrQuiz/Content/Mape/Mate_BuiltData.uexp" 716
"D:/Proiecte Unreal/DrQuiz the gabone cut/DrQuiz/Content/Mape/Mate_BuiltData.ubulk" 717
"D:/Proiecte Unreal/DrQuiz the gabone cut/DrQuiz/Content/Mape/Mate.uexp" 718
"D:/Proiecte Unreal/DrQuiz the gabone cut/DrQuiz/Content/Mape/Mate.umap" 719
"../../../Engine/Content/Maps/Entry_BuiltData.uasset" 720
"../../../Engine/Content/Maps/Entry_BuiltData.uexp" 721
"../../../Engine/Content/Maps/Entry.uexp" 722
"../../../Engine/Content/Maps/Entry.umap" 723
